[0.082s] DEBUG:colcon:Command line arguments: ['/usr/bin/colcon', 'build']
[0.082s] DEBUG:colcon:Parsed command line arguments: Namespace(log_base=None, log_level=None, verb_name='build', build_base='build', install_base='install', merge_install=False, symlink_install=False, test_result_base=None, continue_on_error=False, executor='parallel', parallel_workers=16, event_handlers=None, ignore_user_meta=False, metas=['./colcon.meta'], base_paths=['.'], packages_ignore=None, packages_ignore_regex=None, paths=None, packages_up_to=None, packages_up_to_regex=None, packages_above=None, packages_above_and_dependencies=None, packages_above_depth=None, packages_select_by_dep=None, packages_skip_by_dep=None, packages_skip_up_to=None, packages_select_build_failed=False, packages_skip_build_finished=False, packages_select_test_failures=False, packages_skip_test_passed=False, packages_select=None, packages_skip=None, packages_select_regex=None, packages_skip_regex=None, packages_start=None, packages_end=None, allow_overriding=[], cmake_args=None, cmake_target=None, cmake_target_skip_unavailable=False, cmake_clean_cache=False, cmake_clean_first=False, cmake_force_configure=False, ament_cmake_args=None, catkin_cmake_args=None, catkin_skip_building_tests=False, mixin_files=None, mixin=None, verb_parser=<colcon_mixin.mixin.mixin_argument.MixinArgumentDecorator object at 0x743b5be477c0>, verb_extension=<colcon_core.verb.build.BuildVerb object at 0x743b5be47310>, main=<bound method BuildVerb.main of <colcon_core.verb.build.BuildVerb object at 0x743b5be47310>>, mixin_verb=('build',))
[0.221s] Level 1:colcon.colcon_core.package_discovery:discover_packages(colcon_meta) check parameters
[0.221s] Level 1:colcon.colcon_core.package_discovery:discover_packages(recursive) check parameters
[0.221s] Level 1:colcon.colcon_core.package_discovery:discover_packages(ignore) check parameters
[0.221s] Level 1:colcon.colcon_core.package_discovery:discover_packages(path) check parameters
[0.221s] Level 1:colcon.colcon_core.package_discovery:discover_packages(colcon_meta) discover
[0.221s] Level 1:colcon.colcon_core.package_discovery:discover_packages(recursive) discover
[0.221s] INFO:colcon.colcon_core.package_discovery:Crawling recursively for packages in '/home/tim/SparkFun-GPS-RTK-Dead-Reckoning-Kit/src/rtk/rtk/Qwiic_Ublox_Gps_Py-update_lib_v1.2.0'
[0.221s] Level 1:colcon.colcon_core.package_identification:_identify(.) by extensions ['ignore', 'ignore_ament_install']
[0.221s] Level 1:colcon.colcon_core.package_identification:_identify(.) by extension 'ignore'
[0.221s] Level 1:colcon.colcon_core.package_identification:_identify(.) by extension 'ignore_ament_install'
[0.221s] Level 1:colcon.colcon_core.package_identification:_identify(.) by extensions ['colcon_pkg']
[0.221s] Level 1:colcon.colcon_core.package_identification:_identify(.) by extension 'colcon_pkg'
[0.221s] Level 1:colcon.colcon_core.package_identification:_identify(.) by extensions ['colcon_meta']
[0.221s] Level 1:colcon.colcon_core.package_identification:_identify(.) by extension 'colcon_meta'
[0.221s] Level 1:colcon.colcon_core.package_identification:_identify(.) by extensions ['ros']
[0.221s] Level 1:colcon.colcon_core.package_identification:_identify(.) by extension 'ros'
[0.235s] Level 1:colcon.colcon_core.package_identification:_identify(.) by extensions ['cmake', 'python']
[0.235s] Level 1:colcon.colcon_core.package_identification:_identify(.) by extension 'cmake'
[0.235s] Level 1:colcon.colcon_core.package_identification:_identify(.) by extension 'python'
[0.235s] DEBUG:colcon.colcon_core.package_identification:Python package in '.' passes arguments to the setup() function which requires a different identification extension than 'python'
[0.235s] Level 1:colcon.colcon_core.package_identification:_identify(.) by extensions ['python_setup_py']
[0.235s] Level 1:colcon.colcon_core.package_identification:_identify(.) by extension 'python_setup_py'
[0.436s] DEBUG:colcon.colcon_core.package_identification:Package '.' with type 'python' and name 'sparkfun_ublox_gps'
[0.436s] Level 1:colcon.colcon_core.package_discovery:discover_packages(recursive) using defaults
[0.436s] Level 1:colcon.colcon_core.package_discovery:discover_packages(ignore) discover
[0.436s] Level 1:colcon.colcon_core.package_discovery:discover_packages(ignore) using defaults
[0.436s] Level 1:colcon.colcon_core.package_discovery:discover_packages(path) discover
[0.436s] Level 1:colcon.colcon_core.package_discovery:discover_packages(path) using defaults
[0.452s] Level 1:colcon.colcon_core.package_discovery:discover_packages(prefix_path) check parameters
[0.452s] Level 1:colcon.colcon_core.package_discovery:discover_packages(prefix_path) discover
[0.454s] DEBUG:colcon.colcon_installed_package_information.package_discovery:Found 2 installed packages in /home/tim/SparkFun-GPS-RTK-Dead-Reckoning-Kit/install
[0.454s] DEBUG:colcon.colcon_installed_package_information.package_discovery:Found 3 installed packages in /home/tim/uros_ws/install
[0.454s] DEBUG:colcon.colcon_installed_package_information.package_discovery:Found 1 installed packages in /home/tim/your_workspace/install
[0.455s] DEBUG:colcon.colcon_installed_package_information.package_discovery:Found 393 installed packages in /opt/ros/humble
[0.457s] Level 1:colcon.colcon_core.package_discovery:discover_packages(prefix_path) using defaults
[0.490s] Level 5:colcon.colcon_core.verb:set package 'sparkfun_ublox_gps' build argument 'cmake_args' from command line to 'None'
[0.490s] Level 5:colcon.colcon_core.verb:set package 'sparkfun_ublox_gps' build argument 'cmake_target' from command line to 'None'
[0.490s] Level 5:colcon.colcon_core.verb:set package 'sparkfun_ublox_gps' build argument 'cmake_target_skip_unavailable' from command line to 'False'
[0.490s] Level 5:colcon.colcon_core.verb:set package 'sparkfun_ublox_gps' build argument 'cmake_clean_cache' from command line to 'False'
[0.491s] Level 5:colcon.colcon_core.verb:set package 'sparkfun_ublox_gps' build argument 'cmake_clean_first' from command line to 'False'
[0.491s] Level 5:colcon.colcon_core.verb:set package 'sparkfun_ublox_gps' build argument 'cmake_force_configure' from command line to 'False'
[0.491s] Level 5:colcon.colcon_core.verb:set package 'sparkfun_ublox_gps' build argument 'ament_cmake_args' from command line to 'None'
[0.491s] Level 5:colcon.colcon_core.verb:set package 'sparkfun_ublox_gps' build argument 'catkin_cmake_args' from command line to 'None'
[0.491s] Level 5:colcon.colcon_core.verb:set package 'sparkfun_ublox_gps' build argument 'catkin_skip_building_tests' from command line to 'False'
[0.491s] DEBUG:colcon.colcon_core.verb:Building package 'sparkfun_ublox_gps' with the following arguments: {'ament_cmake_args': None, 'build_base': '/home/tim/SparkFun-GPS-RTK-Dead-Reckoning-Kit/src/rtk/rtk/Qwiic_Ublox_Gps_Py-update_lib_v1.2.0/build/sparkfun_ublox_gps', 'catkin_cmake_args': None, 'catkin_skip_building_tests': False, 'cmake_args': None, 'cmake_clean_cache': False, 'cmake_clean_first': False, 'cmake_force_configure': False, 'cmake_target': None, 'cmake_target_skip_unavailable': False, 'install_base': '/home/tim/SparkFun-GPS-RTK-Dead-Reckoning-Kit/src/rtk/rtk/Qwiic_Ublox_Gps_Py-update_lib_v1.2.0/install/sparkfun_ublox_gps', 'merge_install': False, 'path': '/home/tim/SparkFun-GPS-RTK-Dead-Reckoning-Kit/src/rtk/rtk/Qwiic_Ublox_Gps_Py-update_lib_v1.2.0', 'symlink_install': False, 'test_result_base': None}
[0.491s] INFO:colcon.colcon_core.executor:Executing jobs using 'parallel' executor
[0.492s] DEBUG:colcon.colcon_parallel_executor.executor.parallel:run_until_complete
[0.492s] INFO:colcon.colcon_core.task.python.build:Building Python package in '/home/tim/SparkFun-GPS-RTK-Dead-Reckoning-Kit/src/rtk/rtk/Qwiic_Ublox_Gps_Py-update_lib_v1.2.0'
[0.494s] INFO:colcon.colcon_core.plugin_system:Skipping extension 'colcon_core.shell.bat': Not used on non-Windows systems
[0.494s] INFO:colcon.colcon_core.shell:Skip shell extension 'powershell' for command environment: Not usable outside of PowerShell
[0.494s] DEBUG:colcon.colcon_core.shell:Skip shell extension 'dsv' for command environment
[0.966s] DEBUG:colcon.colcon_core.event_handler.log_command:Invoking command in '/home/tim/SparkFun-GPS-RTK-Dead-Reckoning-Kit/src/rtk/rtk/Qwiic_Ublox_Gps_Py-update_lib_v1.2.0': PYTHONPATH=/home/tim/SparkFun-GPS-RTK-Dead-Reckoning-Kit/src/rtk/rtk/Qwiic_Ublox_Gps_Py-update_lib_v1.2.0/build/sparkfun_ublox_gps/prefix_override:/usr/lib/python3/dist-packages/colcon_core/task/python/colcon_distutils_commands:/home/tim/SparkFun-GPS-RTK-Dead-Reckoning-Kit/src/rtk/rtk/Qwiic_Ublox_Gps_Py-update_lib_v1.2.0/install/sparkfun_ublox_gps/lib/python3.10/site-packages:${PYTHONPATH} /usr/bin/python3 -W ignore:setup.py install is deprecated setup.py egg_info --egg-base build/sparkfun_ublox_gps build --build-base /home/tim/SparkFun-GPS-RTK-Dead-Reckoning-Kit/src/rtk/rtk/Qwiic_Ublox_Gps_Py-update_lib_v1.2.0/build/sparkfun_ublox_gps/build install --record /home/tim/SparkFun-GPS-RTK-Dead-Reckoning-Kit/src/rtk/rtk/Qwiic_Ublox_Gps_Py-update_lib_v1.2.0/build/sparkfun_ublox_gps/install.log --single-version-externally-managed
[1.166s] DEBUG:colcon.colcon_core.event_handler.log_command:Invoked command in '/home/tim/SparkFun-GPS-RTK-Dead-Reckoning-Kit/src/rtk/rtk/Qwiic_Ublox_Gps_Py-update_lib_v1.2.0' returned '0': PYTHONPATH=/home/tim/SparkFun-GPS-RTK-Dead-Reckoning-Kit/src/rtk/rtk/Qwiic_Ublox_Gps_Py-update_lib_v1.2.0/build/sparkfun_ublox_gps/prefix_override:/usr/lib/python3/dist-packages/colcon_core/task/python/colcon_distutils_commands:/home/tim/SparkFun-GPS-RTK-Dead-Reckoning-Kit/src/rtk/rtk/Qwiic_Ublox_Gps_Py-update_lib_v1.2.0/install/sparkfun_ublox_gps/lib/python3.10/site-packages:${PYTHONPATH} /usr/bin/python3 -W ignore:setup.py install is deprecated setup.py egg_info --egg-base build/sparkfun_ublox_gps build --build-base /home/tim/SparkFun-GPS-RTK-Dead-Reckoning-Kit/src/rtk/rtk/Qwiic_Ublox_Gps_Py-update_lib_v1.2.0/build/sparkfun_ublox_gps/build install --record /home/tim/SparkFun-GPS-RTK-Dead-Reckoning-Kit/src/rtk/rtk/Qwiic_Ublox_Gps_Py-update_lib_v1.2.0/build/sparkfun_ublox_gps/install.log --single-version-externally-managed
[1.169s] Level 1:colcon.colcon_core.environment:checking '/home/tim/SparkFun-GPS-RTK-Dead-Reckoning-Kit/src/rtk/rtk/Qwiic_Ublox_Gps_Py-update_lib_v1.2.0/install/sparkfun_ublox_gps' for CMake module files
[1.169s] Level 1:colcon.colcon_core.environment:checking '/home/tim/SparkFun-GPS-RTK-Dead-Reckoning-Kit/src/rtk/rtk/Qwiic_Ublox_Gps_Py-update_lib_v1.2.0/install/sparkfun_ublox_gps' for CMake config files
[1.170s] Level 1:colcon.colcon_core.environment:checking '/home/tim/SparkFun-GPS-RTK-Dead-Reckoning-Kit/src/rtk/rtk/Qwiic_Ublox_Gps_Py-update_lib_v1.2.0/install/sparkfun_ublox_gps/lib'
[1.170s] Level 1:colcon.colcon_core.environment:checking '/home/tim/SparkFun-GPS-RTK-Dead-Reckoning-Kit/src/rtk/rtk/Qwiic_Ublox_Gps_Py-update_lib_v1.2.0/install/sparkfun_ublox_gps/bin'
[1.170s] Level 1:colcon.colcon_core.environment:checking '/home/tim/SparkFun-GPS-RTK-Dead-Reckoning-Kit/src/rtk/rtk/Qwiic_Ublox_Gps_Py-update_lib_v1.2.0/install/sparkfun_ublox_gps/lib/pkgconfig/sparkfun_ublox_gps.pc'
[1.170s] Level 1:colcon.colcon_core.environment:checking '/home/tim/SparkFun-GPS-RTK-Dead-Reckoning-Kit/src/rtk/rtk/Qwiic_Ublox_Gps_Py-update_lib_v1.2.0/install/sparkfun_ublox_gps/lib/python3.10/site-packages'
[1.170s] Level 1:colcon.colcon_core.shell:create_environment_hook('sparkfun_ublox_gps', 'pythonpath')
[1.170s] INFO:colcon.colcon_core.shell:Creating environment hook '/home/tim/SparkFun-GPS-RTK-Dead-Reckoning-Kit/src/rtk/rtk/Qwiic_Ublox_Gps_Py-update_lib_v1.2.0/install/sparkfun_ublox_gps/share/sparkfun_ublox_gps/hook/pythonpath.ps1'
[1.171s] INFO:colcon.colcon_core.shell:Creating environment descriptor '/home/tim/SparkFun-GPS-RTK-Dead-Reckoning-Kit/src/rtk/rtk/Qwiic_Ublox_Gps_Py-update_lib_v1.2.0/install/sparkfun_ublox_gps/share/sparkfun_ublox_gps/hook/pythonpath.dsv'
[1.171s] INFO:colcon.colcon_core.shell:Creating environment hook '/home/tim/SparkFun-GPS-RTK-Dead-Reckoning-Kit/src/rtk/rtk/Qwiic_Ublox_Gps_Py-update_lib_v1.2.0/install/sparkfun_ublox_gps/share/sparkfun_ublox_gps/hook/pythonpath.sh'
[1.172s] Level 1:colcon.colcon_core.environment:checking '/home/tim/SparkFun-GPS-RTK-Dead-Reckoning-Kit/src/rtk/rtk/Qwiic_Ublox_Gps_Py-update_lib_v1.2.0/install/sparkfun_ublox_gps/bin'
[1.172s] Level 1:colcon.colcon_core.environment:create_environment_scripts_only(sparkfun_ublox_gps)
[1.172s] INFO:colcon.colcon_core.shell:Creating package script '/home/tim/SparkFun-GPS-RTK-Dead-Reckoning-Kit/src/rtk/rtk/Qwiic_Ublox_Gps_Py-update_lib_v1.2.0/install/sparkfun_ublox_gps/share/sparkfun_ublox_gps/package.ps1'
[1.173s] INFO:colcon.colcon_core.shell:Creating package descriptor '/home/tim/SparkFun-GPS-RTK-Dead-Reckoning-Kit/src/rtk/rtk/Qwiic_Ublox_Gps_Py-update_lib_v1.2.0/install/sparkfun_ublox_gps/share/sparkfun_ublox_gps/package.dsv'
[1.173s] INFO:colcon.colcon_core.shell:Creating package script '/home/tim/SparkFun-GPS-RTK-Dead-Reckoning-Kit/src/rtk/rtk/Qwiic_Ublox_Gps_Py-update_lib_v1.2.0/install/sparkfun_ublox_gps/share/sparkfun_ublox_gps/package.sh'
[1.173s] INFO:colcon.colcon_core.shell:Creating package script '/home/tim/SparkFun-GPS-RTK-Dead-Reckoning-Kit/src/rtk/rtk/Qwiic_Ublox_Gps_Py-update_lib_v1.2.0/install/sparkfun_ublox_gps/share/sparkfun_ublox_gps/package.bash'
[1.174s] INFO:colcon.colcon_core.shell:Creating package script '/home/tim/SparkFun-GPS-RTK-Dead-Reckoning-Kit/src/rtk/rtk/Qwiic_Ublox_Gps_Py-update_lib_v1.2.0/install/sparkfun_ublox_gps/share/sparkfun_ublox_gps/package.zsh'
[1.174s] Level 1:colcon.colcon_core.environment:create_file_with_runtime_dependencies(/home/tim/SparkFun-GPS-RTK-Dead-Reckoning-Kit/src/rtk/rtk/Qwiic_Ublox_Gps_Py-update_lib_v1.2.0/install/sparkfun_ublox_gps/share/colcon-core/packages/sparkfun_ublox_gps)
[1.175s] DEBUG:colcon.colcon_parallel_executor.executor.parallel:closing loop
[1.175s] DEBUG:colcon.colcon_parallel_executor.executor.parallel:loop closed
[1.175s] DEBUG:colcon.colcon_parallel_executor.executor.parallel:run_until_complete finished with '0'
[1.175s] DEBUG:colcon.colcon_core.event_reactor:joining thread
[1.179s] INFO:colcon.colcon_core.plugin_system:Skipping extension 'colcon_notification.desktop_notification.terminal_notifier': Not used on non-Darwin systems
[1.179s] INFO:colcon.colcon_core.plugin_system:Skipping extension 'colcon_notification.desktop_notification.win32': Not used on non-Windows systems
[1.179s] INFO:colcon.colcon_notification.desktop_notification:Sending desktop notification using 'notify2'
[1.191s] DEBUG:colcon.colcon_core.event_reactor:joined thread
[1.191s] INFO:colcon.colcon_core.shell:Creating prefix script '/home/tim/SparkFun-GPS-RTK-Dead-Reckoning-Kit/src/rtk/rtk/Qwiic_Ublox_Gps_Py-update_lib_v1.2.0/install/local_setup.ps1'
[1.192s] INFO:colcon.colcon_core.shell:Creating prefix util module '/home/tim/SparkFun-GPS-RTK-Dead-Reckoning-Kit/src/rtk/rtk/Qwiic_Ublox_Gps_Py-update_lib_v1.2.0/install/_local_setup_util_ps1.py'
[1.193s] INFO:colcon.colcon_core.shell:Creating prefix chain script '/home/tim/SparkFun-GPS-RTK-Dead-Reckoning-Kit/src/rtk/rtk/Qwiic_Ublox_Gps_Py-update_lib_v1.2.0/install/setup.ps1'
[1.194s] INFO:colcon.colcon_core.shell:Creating prefix script '/home/tim/SparkFun-GPS-RTK-Dead-Reckoning-Kit/src/rtk/rtk/Qwiic_Ublox_Gps_Py-update_lib_v1.2.0/install/local_setup.sh'
[1.195s] INFO:colcon.colcon_core.shell:Creating prefix util module '/home/tim/SparkFun-GPS-RTK-Dead-Reckoning-Kit/src/rtk/rtk/Qwiic_Ublox_Gps_Py-update_lib_v1.2.0/install/_local_setup_util_sh.py'
[1.195s] INFO:colcon.colcon_core.shell:Creating prefix chain script '/home/tim/SparkFun-GPS-RTK-Dead-Reckoning-Kit/src/rtk/rtk/Qwiic_Ublox_Gps_Py-update_lib_v1.2.0/install/setup.sh'
[1.196s] INFO:colcon.colcon_core.shell:Creating prefix script '/home/tim/SparkFun-GPS-RTK-Dead-Reckoning-Kit/src/rtk/rtk/Qwiic_Ublox_Gps_Py-update_lib_v1.2.0/install/local_setup.bash'
[1.196s] INFO:colcon.colcon_core.shell:Creating prefix chain script '/home/tim/SparkFun-GPS-RTK-Dead-Reckoning-Kit/src/rtk/rtk/Qwiic_Ublox_Gps_Py-update_lib_v1.2.0/install/setup.bash'
[1.197s] INFO:colcon.colcon_core.shell:Creating prefix script '/home/tim/SparkFun-GPS-RTK-Dead-Reckoning-Kit/src/rtk/rtk/Qwiic_Ublox_Gps_Py-update_lib_v1.2.0/install/local_setup.zsh'
[1.198s] INFO:colcon.colcon_core.shell:Creating prefix chain script '/home/tim/SparkFun-GPS-RTK-Dead-Reckoning-Kit/src/rtk/rtk/Qwiic_Ublox_Gps_Py-update_lib_v1.2.0/install/setup.zsh'
